[2021-09-07 16:06:35.315] [renderer1] [error] name must not be falsy: Error: name must not be falsy
	at Function.validate (/opt/visual-studio-code/resources/app/out/vs/workbench/services/extensions/node/extensionHostProcess.js:87:30732)
	at new s (/opt/visual-studio-code/resources/app/out/vs/workbench/services/extensions/node/extensionHostProcess.js:87:30681)
	at new s (/opt/visual-studio-code/resources/app/out/vs/workbench/services/extensions/node/extensionHostProcess.js:87:17480)
	at H (/home/samu/.vscode/extensions/ms-python.python-2021.9.1191016588/out/client/extension.js:59:131907)
	at Array.map (<anonymous>)
	at Object.asDocumentSymbols (/home/samu/.vscode/extensions/ms-python.python-2021.9.1191016588/out/client/extension.js:59:137245)
	at /home/samu/.vscode/extensions/ms-python.python-2021.9.1191016588/out/client/extension.js:9:119903
	at async l.provideDocumentSymbols (/opt/visual-studio-code/resources/app/out/vs/workbench/services/extensions/node/extensionHostProcess.js:94:163113)
[2021-09-07 16:09:14.352] [renderer1] [error] Cannot read property 'items' of undefined: TypeError: Cannot read property 'items' of undefined
	at completionLengthMeasure (/home/samu/.vscode/extensions/ms-python.python-2021.9.1191016588/out/client/extension.js:59:462843)
	at p (/home/samu/.vscode/extensions/ms-python.python-2021.9.1191016588/out/client/extension.js:59:465507)
	at async $.provideCompletionItems (/opt/visual-studio-code/resources/app/out/vs/workbench/services/extensions/node/extensionHostProcess.js:94:176917)
[2021-09-07 16:12:55.532] [renderer1] [error] name must not be falsy: Error: name must not be falsy
	at Function.validate (/opt/visual-studio-code/resources/app/out/vs/workbench/services/extensions/node/extensionHostProcess.js:87:30732)
	at new s (/opt/visual-studio-code/resources/app/out/vs/workbench/services/extensions/node/extensionHostProcess.js:87:30681)
	at new s (/opt/visual-studio-code/resources/app/out/vs/workbench/services/extensions/node/extensionHostProcess.js:87:17480)
	at H (/home/samu/.vscode/extensions/ms-python.python-2021.9.1191016588/out/client/extension.js:59:131907)
	at Array.map (<anonymous>)
	at Object.asDocumentSymbols (/home/samu/.vscode/extensions/ms-python.python-2021.9.1191016588/out/client/extension.js:59:137245)
	at /home/samu/.vscode/extensions/ms-python.python-2021.9.1191016588/out/client/extension.js:9:119903
	at async l.provideDocumentSymbols (/opt/visual-studio-code/resources/app/out/vs/workbench/services/extensions/node/extensionHostProcess.js:94:163113)
[2021-09-07 16:34:34.139] [renderer1] [error] Cannot read property 'items' of undefined: TypeError: Cannot read property 'items' of undefined
	at completionLengthMeasure (/home/samu/.vscode/extensions/ms-python.python-2021.9.1191016588/out/client/extension.js:59:462843)
	at p (/home/samu/.vscode/extensions/ms-python.python-2021.9.1191016588/out/client/extension.js:59:465507)
	at async $.provideCompletionItems (/opt/visual-studio-code/resources/app/out/vs/workbench/services/extensions/node/extensionHostProcess.js:94:176917)
