[2021-09-07 16:03:24.503] [exthost] [info] extension host started
[2021-09-07 16:03:24.503] [exthost] [info] Skipping acquiring lock for /home/samu/.config/Code/User/workspaceStorage/a5686233c6139848ea666ffb92db71f3.
[2021-09-07 16:03:24.597] [exthost] [info] ExtensionService#_doActivateExtension vscode.microsoft-authentication {"startup":false,"extensionId":{"value":"vscode.microsoft-authentication","_lower":"vscode.microsoft-authentication"},"activationEvent":"onAuthenticationRequest:microsoft"}
[2021-09-07 16:03:24.597] [exthost] [info] ExtensionService#loadCommonJSModule file:///opt/visual-studio-code/resources/app/extensions/microsoft-authentication/dist/extension.js
[2021-09-07 16:03:24.605] [exthost] [info] ExtensionService#_doActivateExtension ms-python.python {"startup":false,"extensionId":{"value":"ms-python.vscode-pylance","_lower":"ms-python.vscode-pylance"},"activationEvent":"onLanguage:python"}
[2021-09-07 16:03:24.605] [exthost] [info] ExtensionService#loadCommonJSModule file:///home/samu/.vscode/extensions/ms-python.python-2021.9.1191016588/out/client/extension
[2021-09-07 16:03:24.659] [exthost] [info] ExtensionService#_doActivateExtension ms-toolsai.jupyter {"startup":false,"extensionId":{"value":"ms-toolsai.jupyter","_lower":"ms-toolsai.jupyter"},"activationEvent":"onLanguage:python"}
[2021-09-07 16:03:24.659] [exthost] [info] ExtensionService#loadCommonJSModule file:///home/samu/.vscode/extensions/ms-toolsai.jupyter-2021.8.2031190714/out/client/extension
[2021-09-07 16:03:24.854] [exthost] [info] ExtensionService#_doActivateExtension vscode.debug-auto-launch {"startup":true,"extensionId":{"value":"vscode.debug-auto-launch","_lower":"vscode.debug-auto-launch"},"activationEvent":"*"}
[2021-09-07 16:03:24.854] [exthost] [info] ExtensionService#loadCommonJSModule file:///opt/visual-studio-code/resources/app/extensions/debug-auto-launch/dist/extension
[2021-09-07 16:03:24.856] [exthost] [info] ExtensionService#_doActivateExtension vscode.git {"startup":true,"extensionId":{"value":"vscode.github","_lower":"vscode.github"},"activationEvent":"*"}
[2021-09-07 16:03:24.856] [exthost] [info] ExtensionService#loadCommonJSModule file:///opt/visual-studio-code/resources/app/extensions/git/dist/main
[2021-09-07 16:03:25.167] [exthost] [info] ExtensionService#_doActivateExtension vscode.github {"startup":true,"extensionId":{"value":"vscode.github","_lower":"vscode.github"},"activationEvent":"*"}
[2021-09-07 16:03:25.167] [exthost] [info] ExtensionService#loadCommonJSModule file:///opt/visual-studio-code/resources/app/extensions/github/dist/extension.js
[2021-09-07 16:03:25.224] [exthost] [info] ExtensionService#_doActivateExtension ms-vscode.js-debug {"startup":false,"extensionId":{"value":"ms-vscode.js-debug","_lower":"ms-vscode.js-debug"},"activationEvent":"onCommand:extension.js-debug.clearAutoAttachVariables"}
[2021-09-07 16:03:25.225] [exthost] [info] ExtensionService#loadCommonJSModule file:///opt/visual-studio-code/resources/app/extensions/ms-vscode.js-debug/src/extension.js
[2021-09-07 16:03:25.288] [exthost] [info] ExtensionService#_doActivateExtension ms-python.vscode-pylance {"startup":false,"extensionId":{"value":"ms-python.vscode-pylance","_lower":"ms-python.vscode-pylance"},"activationEvent":"onLanguage:python"}
[2021-09-07 16:03:25.288] [exthost] [info] ExtensionService#loadCommonJSModule file:///home/samu/.vscode/extensions/ms-python.vscode-pylance-2021.9.0/dist/extension.bundle.js
[2021-09-07 16:03:25.356] [exthost] [info] eager extensions activated
[2021-09-07 16:03:25.359] [exthost] [info] ExtensionService#_doActivateExtension vscode.emmet {"startup":false,"extensionId":{"value":"vscode.emmet","_lower":"vscode.emmet"},"activationEvent":"onStartupFinished"}
[2021-09-07 16:03:25.359] [exthost] [info] ExtensionService#loadCommonJSModule file:///opt/visual-studio-code/resources/app/extensions/emmet/dist/node/emmetNodeMain
[2021-09-07 16:03:25.363] [exthost] [info] ExtensionService#_doActivateExtension vscode.merge-conflict {"startup":false,"extensionId":{"value":"vscode.merge-conflict","_lower":"vscode.merge-conflict"},"activationEvent":"onStartupFinished"}
[2021-09-07 16:03:25.363] [exthost] [info] ExtensionService#loadCommonJSModule file:///opt/visual-studio-code/resources/app/extensions/merge-conflict/dist/mergeConflictMain
[2021-09-07 16:03:25.383] [exthost] [info] ExtensionService#_doActivateExtension vscode.github-authentication {"startup":false,"extensionId":{"value":"vscode.github-authentication","_lower":"vscode.github-authentication"},"activationEvent":"onAuthenticationRequest:github"}
[2021-09-07 16:03:25.383] [exthost] [info] ExtensionService#loadCommonJSModule file:///opt/visual-studio-code/resources/app/extensions/github-authentication/dist/extension.js
[2021-09-07 16:03:31.621] [exthost] [error] [ms-python.python] provider FAILED
[2021-09-07 16:03:31.621] [exthost] [error] Canceled: Canceled
	at _.makeCancelError (/home/samu/.vscode/extensions/ms-python.python-2021.9.1191016588/out/client/extension.js:9:155142)
	at _.handleFailedRequest (/home/samu/.vscode/extensions/ms-python.python-2021.9.1191016588/out/client/extension.js:9:154993)
	at /home/samu/.vscode/extensions/ms-python.python-2021.9.1191016588/out/client/extension.js:59:155096
	at async U.provideDocumentSemanticTokens (/opt/visual-studio-code/resources/app/out/vs/workbench/services/extensions/node/extensionHostProcess.js:94:174108)
[2021-09-07 16:03:31.623] [exthost] [error] [ms-python.python] provider FAILED
[2021-09-07 16:03:31.623] [exthost] [error] Canceled: Canceled
	at _.makeCancelError (/home/samu/.vscode/extensions/ms-python.python-2021.9.1191016588/out/client/extension.js:9:155142)
	at _.handleFailedRequest (/home/samu/.vscode/extensions/ms-python.python-2021.9.1191016588/out/client/extension.js:9:154993)
	at /home/samu/.vscode/extensions/ms-python.python-2021.9.1191016588/out/client/extension.js:59:156174
	at async O.provideDocumentRangeSemanticTokens (/opt/visual-studio-code/resources/app/out/vs/workbench/services/extensions/node/extensionHostProcess.js:94:176218)
[2021-09-07 16:03:35.187] [exthost] [info] extension host terminating: renderer closed the socket
[2021-09-07 16:03:36.198] [exthost] [info] exiting with code 0
