[2021-09-07 18:24:26.160] [exthost] [info] extension host started
[2021-09-07 18:24:26.160] [exthost] [info] Skipping acquiring lock for /home/samu/.config/Code/User/workspaceStorage/71e19d98bddd9f38ee2ada7c8b152443.
[2021-09-07 18:24:26.229] [exthost] [info] ExtensionService#_doActivateExtension vscode.microsoft-authentication {"startup":false,"extensionId":{"value":"vscode.microsoft-authentication","_lower":"vscode.microsoft-authentication"},"activationEvent":"onAuthenticationRequest:microsoft"}
[2021-09-07 18:24:26.229] [exthost] [info] ExtensionService#loadCommonJSModule file:///opt/visual-studio-code/resources/app/extensions/microsoft-authentication/dist/extension.js
[2021-09-07 18:24:26.237] [exthost] [info] ExtensionService#_doActivateExtension ms-python.python {"startup":false,"extensionId":{"value":"ms-python.vscode-pylance","_lower":"ms-python.vscode-pylance"},"activationEvent":"onLanguage:python"}
[2021-09-07 18:24:26.237] [exthost] [info] ExtensionService#loadCommonJSModule file:///home/samu/.vscode/extensions/ms-python.python-2021.9.1191016588/out/client/extension
[2021-09-07 18:24:26.302] [exthost] [info] ExtensionService#_doActivateExtension ms-toolsai.jupyter {"startup":false,"extensionId":{"value":"ms-toolsai.jupyter","_lower":"ms-toolsai.jupyter"},"activationEvent":"onLanguage:python"}
[2021-09-07 18:24:26.302] [exthost] [info] ExtensionService#loadCommonJSModule file:///home/samu/.vscode/extensions/ms-toolsai.jupyter-2021.8.2031190714/out/client/extension
[2021-09-07 18:24:26.468] [exthost] [info] ExtensionService#_doActivateExtension vscode.debug-auto-launch {"startup":true,"extensionId":{"value":"vscode.debug-auto-launch","_lower":"vscode.debug-auto-launch"},"activationEvent":"*"}
[2021-09-07 18:24:26.468] [exthost] [info] ExtensionService#loadCommonJSModule file:///opt/visual-studio-code/resources/app/extensions/debug-auto-launch/dist/extension
[2021-09-07 18:24:26.470] [exthost] [info] ExtensionService#_doActivateExtension vscode.git {"startup":true,"extensionId":{"value":"vscode.github","_lower":"vscode.github"},"activationEvent":"*"}
[2021-09-07 18:24:26.470] [exthost] [info] ExtensionService#loadCommonJSModule file:///opt/visual-studio-code/resources/app/extensions/git/dist/main
[2021-09-07 18:24:26.704] [exthost] [info] ExtensionService#_doActivateExtension vscode.github {"startup":true,"extensionId":{"value":"vscode.github","_lower":"vscode.github"},"activationEvent":"*"}
[2021-09-07 18:24:26.704] [exthost] [info] ExtensionService#loadCommonJSModule file:///opt/visual-studio-code/resources/app/extensions/github/dist/extension.js
[2021-09-07 18:24:26.706] [exthost] [info] ExtensionService#_doActivateExtension ms-python.vscode-pylance {"startup":false,"extensionId":{"value":"ms-python.vscode-pylance","_lower":"ms-python.vscode-pylance"},"activationEvent":"onLanguage:python"}
[2021-09-07 18:24:26.706] [exthost] [info] ExtensionService#loadCommonJSModule file:///home/samu/.vscode/extensions/ms-python.vscode-pylance-2021.9.0/dist/extension.bundle.js
[2021-09-07 18:24:26.798] [exthost] [info] ExtensionService#_doActivateExtension ms-vscode.js-debug {"startup":false,"extensionId":{"value":"ms-vscode.js-debug","_lower":"ms-vscode.js-debug"},"activationEvent":"onCommand:extension.js-debug.clearAutoAttachVariables"}
[2021-09-07 18:24:26.798] [exthost] [info] ExtensionService#loadCommonJSModule file:///opt/visual-studio-code/resources/app/extensions/ms-vscode.js-debug/src/extension.js
[2021-09-07 18:24:26.865] [exthost] [info] eager extensions activated
[2021-09-07 18:24:26.945] [exthost] [info] ExtensionService#_doActivateExtension vscode.github-authentication {"startup":false,"extensionId":{"value":"vscode.github-authentication","_lower":"vscode.github-authentication"},"activationEvent":"onAuthenticationRequest:github"}
[2021-09-07 18:24:26.945] [exthost] [info] ExtensionService#loadCommonJSModule file:///opt/visual-studio-code/resources/app/extensions/github-authentication/dist/extension.js
[2021-09-07 18:24:26.950] [exthost] [info] ExtensionService#_doActivateExtension vscode.emmet {"startup":false,"extensionId":{"value":"vscode.emmet","_lower":"vscode.emmet"},"activationEvent":"onStartupFinished"}
[2021-09-07 18:24:26.950] [exthost] [info] ExtensionService#loadCommonJSModule file:///opt/visual-studio-code/resources/app/extensions/emmet/dist/node/emmetNodeMain
[2021-09-07 18:24:26.954] [exthost] [info] ExtensionService#_doActivateExtension vscode.merge-conflict {"startup":false,"extensionId":{"value":"vscode.merge-conflict","_lower":"vscode.merge-conflict"},"activationEvent":"onStartupFinished"}
[2021-09-07 18:24:26.954] [exthost] [info] ExtensionService#loadCommonJSModule file:///opt/visual-studio-code/resources/app/extensions/merge-conflict/dist/mergeConflictMain
[2021-09-07 18:24:27.712] [exthost] [error] [ms-python.python] provider FAILED
[2021-09-07 18:24:27.712] [exthost] [error] Canceled: Canceled
	at _.makeCancelError (/home/samu/.vscode/extensions/ms-python.python-2021.9.1191016588/out/client/extension.js:9:155142)
	at _.handleFailedRequest (/home/samu/.vscode/extensions/ms-python.python-2021.9.1191016588/out/client/extension.js:9:154993)
	at /home/samu/.vscode/extensions/ms-python.python-2021.9.1191016588/out/client/extension.js:9:115335
	at async g.provideHover (/opt/visual-studio-code/resources/app/out/vs/workbench/services/extensions/node/extensionHostProcess.js:94:166317)
[2021-09-07 18:26:58.925] [exthost] [error] [ms-python.python] provider FAILED
[2021-09-07 18:26:58.925] [exthost] [error] Canceled: Canceled
	at _.makeCancelError (/home/samu/.vscode/extensions/ms-python.python-2021.9.1191016588/out/client/extension.js:9:155142)
	at _.handleFailedRequest (/home/samu/.vscode/extensions/ms-python.python-2021.9.1191016588/out/client/extension.js:9:154993)
	at /home/samu/.vscode/extensions/ms-python.python-2021.9.1191016588/out/client/extension.js:9:114543
	at async $.resolveCompletionItem (/opt/visual-studio-code/resources/app/out/vs/workbench/services/extensions/node/extensionHostProcess.js:94:177637)
[2021-09-07 18:27:27.588] [exthost] [error] [ms-python.python] provider FAILED
[2021-09-07 18:27:27.588] [exthost] [error] Canceled: Canceled
	at _.makeCancelError (/home/samu/.vscode/extensions/ms-python.python-2021.9.1191016588/out/client/extension.js:9:155142)
	at _.handleFailedRequest (/home/samu/.vscode/extensions/ms-python.python-2021.9.1191016588/out/client/extension.js:9:154993)
	at /home/samu/.vscode/extensions/ms-python.python-2021.9.1191016588/out/client/extension.js:9:122854
	at async S.provideCodeActions (/opt/visual-studio-code/resources/app/out/vs/workbench/services/extensions/node/extensionHostProcess.js:94:168622)
[2021-09-07 18:28:55.929] [exthost] [error] [ms-python.python] provider FAILED
[2021-09-07 18:28:55.929] [exthost] [error] Canceled: Canceled
	at _.makeCancelError (/home/samu/.vscode/extensions/ms-python.python-2021.9.1191016588/out/client/extension.js:9:155142)
	at _.handleFailedRequest (/home/samu/.vscode/extensions/ms-python.python-2021.9.1191016588/out/client/extension.js:9:154993)
	at /home/samu/.vscode/extensions/ms-python.python-2021.9.1191016588/out/client/extension.js:9:115335
	at async g.provideHover (/opt/visual-studio-code/resources/app/out/vs/workbench/services/extensions/node/extensionHostProcess.js:94:166317)
[2021-09-07 18:31:01.381] [exthost] [error] [ms-python.python] provider FAILED
[2021-09-07 18:31:01.381] [exthost] [error] Canceled: Canceled
	at _.makeCancelError (/home/samu/.vscode/extensions/ms-python.python-2021.9.1191016588/out/client/extension.js:9:155142)
	at _.handleFailedRequest (/home/samu/.vscode/extensions/ms-python.python-2021.9.1191016588/out/client/extension.js:9:154993)
	at /home/samu/.vscode/extensions/ms-python.python-2021.9.1191016588/out/client/extension.js:9:122854
	at async S.provideCodeActions (/opt/visual-studio-code/resources/app/out/vs/workbench/services/extensions/node/extensionHostProcess.js:94:168622)
[2021-09-07 18:31:01.514] [exthost] [error] [ms-python.python] provider FAILED
[2021-09-07 18:31:01.514] [exthost] [error] Canceled: Canceled
	at _.makeCancelError (/home/samu/.vscode/extensions/ms-python.python-2021.9.1191016588/out/client/extension.js:9:155142)
	at _.handleFailedRequest (/home/samu/.vscode/extensions/ms-python.python-2021.9.1191016588/out/client/extension.js:9:154993)
	at /home/samu/.vscode/extensions/ms-python.python-2021.9.1191016588/out/client/extension.js:9:114543
	at async $.resolveCompletionItem (/opt/visual-studio-code/resources/app/out/vs/workbench/services/extensions/node/extensionHostProcess.js:94:177637)
[2021-09-07 18:31:19.479] [exthost] [error] [ms-python.python] provider FAILED
[2021-09-07 18:31:19.479] [exthost] [error] Canceled: Canceled
	at _.makeCancelError (/home/samu/.vscode/extensions/ms-python.python-2021.9.1191016588/out/client/extension.js:9:155142)
	at _.handleFailedRequest (/home/samu/.vscode/extensions/ms-python.python-2021.9.1191016588/out/client/extension.js:9:154993)
	at /home/samu/.vscode/extensions/ms-python.python-2021.9.1191016588/out/client/extension.js:9:114543
	at async $.resolveCompletionItem (/opt/visual-studio-code/resources/app/out/vs/workbench/services/extensions/node/extensionHostProcess.js:94:177637)
[2021-09-07 18:31:46.639] [exthost] [error] [ms-python.python] provider FAILED
[2021-09-07 18:31:46.639] [exthost] [error] Canceled: Canceled
	at _.makeCancelError (/home/samu/.vscode/extensions/ms-python.python-2021.9.1191016588/out/client/extension.js:9:155142)
	at _.handleFailedRequest (/home/samu/.vscode/extensions/ms-python.python-2021.9.1191016588/out/client/extension.js:9:154993)
	at /home/samu/.vscode/extensions/ms-python.python-2021.9.1191016588/out/client/extension.js:9:114543
	at async $.resolveCompletionItem (/opt/visual-studio-code/resources/app/out/vs/workbench/services/extensions/node/extensionHostProcess.js:94:177637)
[2021-09-07 18:31:50.814] [exthost] [error] [ms-python.python] provider FAILED
[2021-09-07 18:31:50.814] [exthost] [error] Canceled: Canceled
	at _.makeCancelError (/home/samu/.vscode/extensions/ms-python.python-2021.9.1191016588/out/client/extension.js:9:155142)
	at _.handleFailedRequest (/home/samu/.vscode/extensions/ms-python.python-2021.9.1191016588/out/client/extension.js:9:154993)
	at /home/samu/.vscode/extensions/ms-python.python-2021.9.1191016588/out/client/extension.js:9:114543
	at async $.resolveCompletionItem (/opt/visual-studio-code/resources/app/out/vs/workbench/services/extensions/node/extensionHostProcess.js:94:177637)
[2021-09-07 18:32:42.005] [exthost] [error] [ms-python.python] provider FAILED
[2021-09-07 18:32:42.005] [exthost] [error] Canceled: Canceled
	at _.makeCancelError (/home/samu/.vscode/extensions/ms-python.python-2021.9.1191016588/out/client/extension.js:9:155142)
	at _.handleFailedRequest (/home/samu/.vscode/extensions/ms-python.python-2021.9.1191016588/out/client/extension.js:9:154993)
	at /home/samu/.vscode/extensions/ms-python.python-2021.9.1191016588/out/client/extension.js:9:114543
	at async $.resolveCompletionItem (/opt/visual-studio-code/resources/app/out/vs/workbench/services/extensions/node/extensionHostProcess.js:94:177637)
[2021-09-07 18:33:38.385] [exthost] [error] [ms-python.python] provider FAILED
[2021-09-07 18:33:38.385] [exthost] [error] Canceled: Canceled
	at _.makeCancelError (/home/samu/.vscode/extensions/ms-python.python-2021.9.1191016588/out/client/extension.js:9:155142)
	at _.handleFailedRequest (/home/samu/.vscode/extensions/ms-python.python-2021.9.1191016588/out/client/extension.js:9:154993)
	at /home/samu/.vscode/extensions/ms-python.python-2021.9.1191016588/out/client/extension.js:9:114543
	at async $.resolveCompletionItem (/opt/visual-studio-code/resources/app/out/vs/workbench/services/extensions/node/extensionHostProcess.js:94:177637)
[2021-09-07 18:33:38.896] [exthost] [error] [ms-python.python] provider FAILED
[2021-09-07 18:33:38.896] [exthost] [error] Canceled: Canceled
	at _.makeCancelError (/home/samu/.vscode/extensions/ms-python.python-2021.9.1191016588/out/client/extension.js:9:155142)
	at _.handleFailedRequest (/home/samu/.vscode/extensions/ms-python.python-2021.9.1191016588/out/client/extension.js:9:154993)
	at /home/samu/.vscode/extensions/ms-python.python-2021.9.1191016588/out/client/extension.js:9:114543
	at async $.resolveCompletionItem (/opt/visual-studio-code/resources/app/out/vs/workbench/services/extensions/node/extensionHostProcess.js:94:177637)
[2021-09-07 18:33:39.503] [exthost] [error] [ms-python.python] provider FAILED
[2021-09-07 18:33:39.503] [exthost] [error] Canceled: Canceled
	at _.makeCancelError (/home/samu/.vscode/extensions/ms-python.python-2021.9.1191016588/out/client/extension.js:9:155142)
	at _.handleFailedRequest (/home/samu/.vscode/extensions/ms-python.python-2021.9.1191016588/out/client/extension.js:9:154993)
	at /home/samu/.vscode/extensions/ms-python.python-2021.9.1191016588/out/client/extension.js:9:114543
	at async $.resolveCompletionItem (/opt/visual-studio-code/resources/app/out/vs/workbench/services/extensions/node/extensionHostProcess.js:94:177637)
[2021-09-07 18:33:41.333] [exthost] [error] [ms-python.python] provider FAILED
[2021-09-07 18:33:41.333] [exthost] [error] Canceled: Canceled
	at _.makeCancelError (/home/samu/.vscode/extensions/ms-python.python-2021.9.1191016588/out/client/extension.js:9:155142)
	at _.handleFailedRequest (/home/samu/.vscode/extensions/ms-python.python-2021.9.1191016588/out/client/extension.js:9:154993)
	at /home/samu/.vscode/extensions/ms-python.python-2021.9.1191016588/out/client/extension.js:9:114543
	at async $.resolveCompletionItem (/opt/visual-studio-code/resources/app/out/vs/workbench/services/extensions/node/extensionHostProcess.js:94:177637)
[2021-09-07 18:33:44.607] [exthost] [error] [ms-python.python] provider FAILED
[2021-09-07 18:33:44.607] [exthost] [error] Canceled: Canceled
	at _.makeCancelError (/home/samu/.vscode/extensions/ms-python.python-2021.9.1191016588/out/client/extension.js:9:155142)
	at _.handleFailedRequest (/home/samu/.vscode/extensions/ms-python.python-2021.9.1191016588/out/client/extension.js:9:154993)
	at /home/samu/.vscode/extensions/ms-python.python-2021.9.1191016588/out/client/extension.js:9:114543
	at async $.resolveCompletionItem (/opt/visual-studio-code/resources/app/out/vs/workbench/services/extensions/node/extensionHostProcess.js:94:177637)
[2021-09-07 18:37:23.338] [exthost] [error] [ms-python.python] provider FAILED
[2021-09-07 18:37:23.338] [exthost] [error] TypeError: Cannot read property 'items' of undefined
	at completionLengthMeasure (/home/samu/.vscode/extensions/ms-python.python-2021.9.1191016588/out/client/extension.js:59:462843)
	at p (/home/samu/.vscode/extensions/ms-python.python-2021.9.1191016588/out/client/extension.js:59:465507)
	at async $.provideCompletionItems (/opt/visual-studio-code/resources/app/out/vs/workbench/services/extensions/node/extensionHostProcess.js:94:176917)
[2021-09-07 18:39:28.529] [exthost] [error] [ms-python.python] provider FAILED
[2021-09-07 18:39:28.529] [exthost] [error] Canceled: Canceled
	at _.makeCancelError (/home/samu/.vscode/extensions/ms-python.python-2021.9.1191016588/out/client/extension.js:9:155142)
	at _.handleFailedRequest (/home/samu/.vscode/extensions/ms-python.python-2021.9.1191016588/out/client/extension.js:9:154993)
	at /home/samu/.vscode/extensions/ms-python.python-2021.9.1191016588/out/client/extension.js:9:114543
	at async $.resolveCompletionItem (/opt/visual-studio-code/resources/app/out/vs/workbench/services/extensions/node/extensionHostProcess.js:94:177637)
[2021-09-07 18:47:24.142] [exthost] [error] [ms-python.python] provider FAILED
[2021-09-07 18:47:24.142] [exthost] [error] Canceled: Canceled
	at _.makeCancelError (/home/samu/.vscode/extensions/ms-python.python-2021.9.1191016588/out/client/extension.js:9:155142)
	at _.handleFailedRequest (/home/samu/.vscode/extensions/ms-python.python-2021.9.1191016588/out/client/extension.js:9:154993)
	at /home/samu/.vscode/extensions/ms-python.python-2021.9.1191016588/out/client/extension.js:9:115335
	at async g.provideHover (/opt/visual-studio-code/resources/app/out/vs/workbench/services/extensions/node/extensionHostProcess.js:94:166317)
[2021-09-07 18:49:09.096] [exthost] [error] [ms-python.python] provider FAILED
[2021-09-07 18:49:09.097] [exthost] [error] Canceled: Canceled
	at _.makeCancelError (/home/samu/.vscode/extensions/ms-python.python-2021.9.1191016588/out/client/extension.js:9:155142)
	at _.handleFailedRequest (/home/samu/.vscode/extensions/ms-python.python-2021.9.1191016588/out/client/extension.js:9:154993)
	at /home/samu/.vscode/extensions/ms-python.python-2021.9.1191016588/out/client/extension.js:9:122854
	at async S.provideCodeActions (/opt/visual-studio-code/resources/app/out/vs/workbench/services/extensions/node/extensionHostProcess.js:94:168622)
[2021-09-07 19:30:18.100] [exthost] [error] [ms-python.python] provider FAILED
[2021-09-07 19:30:18.101] [exthost] [error] Canceled: Canceled
	at _.makeCancelError (/home/samu/.vscode/extensions/ms-python.python-2021.9.1191016588/out/client/extension.js:9:155142)
	at _.handleFailedRequest (/home/samu/.vscode/extensions/ms-python.python-2021.9.1191016588/out/client/extension.js:9:154993)
	at /home/samu/.vscode/extensions/ms-python.python-2021.9.1191016588/out/client/extension.js:9:115335
	at async g.provideHover (/opt/visual-studio-code/resources/app/out/vs/workbench/services/extensions/node/extensionHostProcess.js:94:166317)
[2021-09-07 19:32:08.610] [exthost] [error] [ms-python.python] provider FAILED
[2021-09-07 19:32:08.611] [exthost] [error] Canceled: Canceled
	at _.makeCancelError (/home/samu/.vscode/extensions/ms-python.python-2021.9.1191016588/out/client/extension.js:9:155142)
	at _.handleFailedRequest (/home/samu/.vscode/extensions/ms-python.python-2021.9.1191016588/out/client/extension.js:9:154993)
	at /home/samu/.vscode/extensions/ms-python.python-2021.9.1191016588/out/client/extension.js:9:114543
	at async $.resolveCompletionItem (/opt/visual-studio-code/resources/app/out/vs/workbench/services/extensions/node/extensionHostProcess.js:94:177637)
[2021-09-07 19:32:08.807] [exthost] [error] [ms-python.python] provider FAILED
[2021-09-07 19:32:08.807] [exthost] [error] Canceled: Canceled
	at _.makeCancelError (/home/samu/.vscode/extensions/ms-python.python-2021.9.1191016588/out/client/extension.js:9:155142)
	at _.handleFailedRequest (/home/samu/.vscode/extensions/ms-python.python-2021.9.1191016588/out/client/extension.js:9:154993)
	at /home/samu/.vscode/extensions/ms-python.python-2021.9.1191016588/out/client/extension.js:9:114543
	at async $.resolveCompletionItem (/opt/visual-studio-code/resources/app/out/vs/workbench/services/extensions/node/extensionHostProcess.js:94:177637)
[2021-09-07 19:35:40.106] [exthost] [info] ExtensionService#_doActivateExtension vscode.configuration-editing {"startup":false,"extensionId":{"value":"vscode.configuration-editing","_lower":"vscode.configuration-editing"},"activationEvent":"onLanguage:jsonc"}
[2021-09-07 19:35:40.106] [exthost] [info] ExtensionService#loadCommonJSModule file:///opt/visual-studio-code/resources/app/extensions/configuration-editing/dist/configurationEditingMain
[2021-09-07 19:35:40.112] [exthost] [info] ExtensionService#_doActivateExtension vscode.json-language-features {"startup":false,"extensionId":{"value":"vscode.json-language-features","_lower":"vscode.json-language-features"},"activationEvent":"onLanguage:jsonc"}
[2021-09-07 19:35:40.112] [exthost] [info] ExtensionService#loadCommonJSModule file:///opt/visual-studio-code/resources/app/extensions/json-language-features/client/dist/node/jsonClientMain
[2021-09-07 19:35:40.129] [exthost] [info] ExtensionService#_doActivateExtension vscode.typescript-language-features {"startup":false,"extensionId":{"value":"vscode.typescript-language-features","_lower":"vscode.typescript-language-features"},"activationEvent":"onLanguage:jsonc"}
[2021-09-07 19:35:40.129] [exthost] [info] ExtensionService#loadCommonJSModule file:///opt/visual-studio-code/resources/app/extensions/typescript-language-features/dist/extension
[2021-09-07 19:37:19.229] [exthost] [error] [ms-python.python] provider FAILED
[2021-09-07 19:37:19.229] [exthost] [error] Canceled: Canceled
	at _.makeCancelError (/home/samu/.vscode/extensions/ms-python.python-2021.9.1191016588/out/client/extension.js:9:155142)
	at _.handleFailedRequest (/home/samu/.vscode/extensions/ms-python.python-2021.9.1191016588/out/client/extension.js:9:154993)
	at /home/samu/.vscode/extensions/ms-python.python-2021.9.1191016588/out/client/extension.js:9:114543
	at async $.resolveCompletionItem (/opt/visual-studio-code/resources/app/out/vs/workbench/services/extensions/node/extensionHostProcess.js:94:177637)
[2021-09-07 19:38:31.303] [exthost] [error] [ms-python.python] provider FAILED
[2021-09-07 19:38:31.303] [exthost] [error] Canceled: Canceled
	at _.makeCancelError (/home/samu/.vscode/extensions/ms-python.python-2021.9.1191016588/out/client/extension.js:9:155142)
	at _.handleFailedRequest (/home/samu/.vscode/extensions/ms-python.python-2021.9.1191016588/out/client/extension.js:9:154993)
	at /home/samu/.vscode/extensions/ms-python.python-2021.9.1191016588/out/client/extension.js:9:114543
	at async $.resolveCompletionItem (/opt/visual-studio-code/resources/app/out/vs/workbench/services/extensions/node/extensionHostProcess.js:94:177637)
[2021-09-07 19:40:11.981] [exthost] [error] [ms-python.python] provider FAILED
[2021-09-07 19:40:11.981] [exthost] [error] Canceled: Canceled
	at _.makeCancelError (/home/samu/.vscode/extensions/ms-python.python-2021.9.1191016588/out/client/extension.js:9:155142)
	at _.handleFailedRequest (/home/samu/.vscode/extensions/ms-python.python-2021.9.1191016588/out/client/extension.js:9:154993)
	at /home/samu/.vscode/extensions/ms-python.python-2021.9.1191016588/out/client/extension.js:9:114543
	at async $.resolveCompletionItem (/opt/visual-studio-code/resources/app/out/vs/workbench/services/extensions/node/extensionHostProcess.js:94:177637)
[2021-09-07 19:40:20.087] [exthost] [error] [ms-python.python] provider FAILED
[2021-09-07 19:40:20.087] [exthost] [error] Canceled: Canceled
	at _.makeCancelError (/home/samu/.vscode/extensions/ms-python.python-2021.9.1191016588/out/client/extension.js:9:155142)
	at _.handleFailedRequest (/home/samu/.vscode/extensions/ms-python.python-2021.9.1191016588/out/client/extension.js:9:154993)
	at /home/samu/.vscode/extensions/ms-python.python-2021.9.1191016588/out/client/extension.js:9:114543
	at async $.resolveCompletionItem (/opt/visual-studio-code/resources/app/out/vs/workbench/services/extensions/node/extensionHostProcess.js:94:177637)
[2021-09-07 19:44:46.136] [exthost] [error] [ms-python.python] provider FAILED
[2021-09-07 19:44:46.136] [exthost] [error] TypeError: Cannot read property 'items' of undefined
	at completionLengthMeasure (/home/samu/.vscode/extensions/ms-python.python-2021.9.1191016588/out/client/extension.js:59:462843)
	at p (/home/samu/.vscode/extensions/ms-python.python-2021.9.1191016588/out/client/extension.js:59:465507)
	at async $.provideCompletionItems (/opt/visual-studio-code/resources/app/out/vs/workbench/services/extensions/node/extensionHostProcess.js:94:176917)
[2021-09-07 20:47:48.055] [exthost] [error] [ms-python.python] provider FAILED
[2021-09-07 20:47:48.055] [exthost] [error] Canceled: Canceled
	at _.makeCancelError (/home/samu/.vscode/extensions/ms-python.python-2021.9.1191016588/out/client/extension.js:9:155142)
	at _.handleFailedRequest (/home/samu/.vscode/extensions/ms-python.python-2021.9.1191016588/out/client/extension.js:9:154993)
	at /home/samu/.vscode/extensions/ms-python.python-2021.9.1191016588/out/client/extension.js:9:115335
	at async g.provideHover (/opt/visual-studio-code/resources/app/out/vs/workbench/services/extensions/node/extensionHostProcess.js:94:166317)
[2021-09-07 21:05:12.441] [exthost] [info] extension host terminating: renderer closed the socket
[2021-09-07 21:05:13.455] [exthost] [info] exiting with code 0
