User belongs to experiment group 'pythonaa'
User belongs to experiment group 'pythonJoinMailingListVar3'
User belongs to experiment group 'pythonJediLSP'
User belongs to experiment group 'pythonDiscoveryModuleWithoutWatcher'
User belongs to experiment group 'pythonTensorboardExperiment'
User belongs to experiment group 'PythonPyTorchProfiler'
User belongs to experiment group 'pythonDeprecatePythonPath'
User belongs to experiment group 'pythonSortEnvs'
User belongs to experiment group 'pythonRefreshTestsButtonDisplayedcf'
User belongs to experiment group 'pythonRememberDebugConfigcf'
Error 2021-09-07 15:53:10: Failed to check if file needs to be fixed [EntryNotFound (FileSystemError): Unable to read file '/home/samu/CodeGen/.vscode/settings.json' (Error: Unable to resolve non-existing file '/home/samu/CodeGen/.vscode/settings.json')
	at _handleError (/opt/visual-studio-code/resources/app/out/vs/workbench/services/extensions/node/extensionHostProcess.js:94:160087)
	at processTicksAndRejections (internal/process/task_queues.js:93:5)
	at async y.readText (/home/samu/.vscode/extensions/ms-python.python-2021.9.1191016588/out/client/extension.js:9:315784)
	at async p.doesFileNeedToBeFixed (/home/samu/.vscode/extensions/ms-python.python-2021.9.1191016588/out/client/extension.js:59:823850)
	at async /home/samu/.vscode/extensions/ms-python.python-2021.9.1191016588/out/client/extension.js:59:822977
	at async Promise.all (index 1)
	at async p.getFilesToBeFixed (/home/samu/.vscode/extensions/ms-python.python-2021.9.1191016588/out/client/extension.js:59:822923)
	at async p.updateTestSettings (/home/samu/.vscode/extensions/ms-python.python-2021.9.1191016588/out/client/extension.js:59:822550)] {
  code: 'FileNotFound'
}
Starting Pylance language server.
Python interpreter path: /bin/python
> conda --version
