[2021-09-07 11:47:20.713] [renderer1] [error] Cannot read property 'items' of undefined: TypeError: Cannot read property 'items' of undefined
	at completionLengthMeasure (/home/samu/.vscode/extensions/ms-python.python-2021.9.1191016588/out/client/extension.js:59:462843)
	at p (/home/samu/.vscode/extensions/ms-python.python-2021.9.1191016588/out/client/extension.js:59:465507)
	at async $.provideCompletionItems (/opt/visual-studio-code/resources/app/out/vs/workbench/services/extensions/node/extensionHostProcess.js:94:176917)
[2021-09-07 12:13:43.364] [renderer1] [error] Cannot read property 'items' of undefined: TypeError: Cannot read property 'items' of undefined
	at completionLengthMeasure (/home/samu/.vscode/extensions/ms-python.python-2021.9.1191016588/out/client/extension.js:59:462843)
	at p (/home/samu/.vscode/extensions/ms-python.python-2021.9.1191016588/out/client/extension.js:59:465507)
	at async $.provideCompletionItems (/opt/visual-studio-code/resources/app/out/vs/workbench/services/extensions/node/extensionHostProcess.js:94:176917)
[2021-09-07 12:19:55.364] [renderer1] [error] Cannot read property 'items' of undefined: TypeError: Cannot read property 'items' of undefined
	at completionLengthMeasure (/home/samu/.vscode/extensions/ms-python.python-2021.9.1191016588/out/client/extension.js:59:462843)
	at p (/home/samu/.vscode/extensions/ms-python.python-2021.9.1191016588/out/client/extension.js:59:465507)
	at async $.provideCompletionItems (/opt/visual-studio-code/resources/app/out/vs/workbench/services/extensions/node/extensionHostProcess.js:94:176917)
[2021-09-07 13:31:11.250] [renderer1] [error] name must not be falsy: Error: name must not be falsy
	at Function.validate (/opt/visual-studio-code/resources/app/out/vs/workbench/services/extensions/node/extensionHostProcess.js:87:30732)
	at new s (/opt/visual-studio-code/resources/app/out/vs/workbench/services/extensions/node/extensionHostProcess.js:87:30681)
	at new s (/opt/visual-studio-code/resources/app/out/vs/workbench/services/extensions/node/extensionHostProcess.js:87:17480)
	at H (/home/samu/.vscode/extensions/ms-python.python-2021.9.1191016588/out/client/extension.js:59:131907)
	at Array.map (<anonymous>)
	at Object.asDocumentSymbols (/home/samu/.vscode/extensions/ms-python.python-2021.9.1191016588/out/client/extension.js:59:137245)
	at /home/samu/.vscode/extensions/ms-python.python-2021.9.1191016588/out/client/extension.js:9:119903
	at async l.provideDocumentSymbols (/opt/visual-studio-code/resources/app/out/vs/workbench/services/extensions/node/extensionHostProcess.js:94:163113)
[2021-09-07 13:31:11.389] [renderer1] [error] Cannot read property 'items' of undefined: TypeError: Cannot read property 'items' of undefined
	at completionLengthMeasure (/home/samu/.vscode/extensions/ms-python.python-2021.9.1191016588/out/client/extension.js:59:462843)
	at p (/home/samu/.vscode/extensions/ms-python.python-2021.9.1191016588/out/client/extension.js:59:465507)
	at async $.provideCompletionItems (/opt/visual-studio-code/resources/app/out/vs/workbench/services/extensions/node/extensionHostProcess.js:94:176917)
[2021-09-07 13:39:21.409] [renderer1] [error] name must not be falsy: Error: name must not be falsy
	at Function.validate (/opt/visual-studio-code/resources/app/out/vs/workbench/services/extensions/node/extensionHostProcess.js:87:30732)
	at new s (/opt/visual-studio-code/resources/app/out/vs/workbench/services/extensions/node/extensionHostProcess.js:87:30681)
	at new s (/opt/visual-studio-code/resources/app/out/vs/workbench/services/extensions/node/extensionHostProcess.js:87:17480)
	at H (/home/samu/.vscode/extensions/ms-python.python-2021.9.1191016588/out/client/extension.js:59:131907)
	at Array.map (<anonymous>)
	at Object.asDocumentSymbols (/home/samu/.vscode/extensions/ms-python.python-2021.9.1191016588/out/client/extension.js:59:137245)
	at /home/samu/.vscode/extensions/ms-python.python-2021.9.1191016588/out/client/extension.js:9:119903
	at async l.provideDocumentSymbols (/opt/visual-studio-code/resources/app/out/vs/workbench/services/extensions/node/extensionHostProcess.js:94:163113)
[2021-09-07 13:39:25.279] [renderer1] [error] name must not be falsy: Error: name must not be falsy
	at Function.validate (/opt/visual-studio-code/resources/app/out/vs/workbench/services/extensions/node/extensionHostProcess.js:87:30732)
	at new s (/opt/visual-studio-code/resources/app/out/vs/workbench/services/extensions/node/extensionHostProcess.js:87:30681)
	at new s (/opt/visual-studio-code/resources/app/out/vs/workbench/services/extensions/node/extensionHostProcess.js:87:17480)
	at H (/home/samu/.vscode/extensions/ms-python.python-2021.9.1191016588/out/client/extension.js:59:131907)
	at Array.map (<anonymous>)
	at Object.asDocumentSymbols (/home/samu/.vscode/extensions/ms-python.python-2021.9.1191016588/out/client/extension.js:59:137245)
	at /home/samu/.vscode/extensions/ms-python.python-2021.9.1191016588/out/client/extension.js:9:119903
	at async l.provideDocumentSymbols (/opt/visual-studio-code/resources/app/out/vs/workbench/services/extensions/node/extensionHostProcess.js:94:163113)
[2021-09-07 14:00:24.091] [renderer1] [error] name must not be falsy: Error: name must not be falsy
	at Function.validate (/opt/visual-studio-code/resources/app/out/vs/workbench/services/extensions/node/extensionHostProcess.js:87:30732)
	at new s (/opt/visual-studio-code/resources/app/out/vs/workbench/services/extensions/node/extensionHostProcess.js:87:30681)
	at new s (/opt/visual-studio-code/resources/app/out/vs/workbench/services/extensions/node/extensionHostProcess.js:87:17480)
	at H (/home/samu/.vscode/extensions/ms-python.python-2021.9.1191016588/out/client/extension.js:59:131907)
	at Array.map (<anonymous>)
	at Object.asDocumentSymbols (/home/samu/.vscode/extensions/ms-python.python-2021.9.1191016588/out/client/extension.js:59:137245)
	at /home/samu/.vscode/extensions/ms-python.python-2021.9.1191016588/out/client/extension.js:9:119903
	at async l.provideDocumentSymbols (/opt/visual-studio-code/resources/app/out/vs/workbench/services/extensions/node/extensionHostProcess.js:94:163113)
[2021-09-07 14:28:44.510] [renderer1] [error] name must not be falsy: Error: name must not be falsy
	at Function.validate (/opt/visual-studio-code/resources/app/out/vs/workbench/services/extensions/node/extensionHostProcess.js:87:30732)
	at new s (/opt/visual-studio-code/resources/app/out/vs/workbench/services/extensions/node/extensionHostProcess.js:87:30681)
	at new s (/opt/visual-studio-code/resources/app/out/vs/workbench/services/extensions/node/extensionHostProcess.js:87:17480)
	at H (/home/samu/.vscode/extensions/ms-python.python-2021.9.1191016588/out/client/extension.js:59:131907)
	at Array.map (<anonymous>)
	at Object.asDocumentSymbols (/home/samu/.vscode/extensions/ms-python.python-2021.9.1191016588/out/client/extension.js:59:137245)
	at /home/samu/.vscode/extensions/ms-python.python-2021.9.1191016588/out/client/extension.js:9:119903
	at async l.provideDocumentSymbols (/opt/visual-studio-code/resources/app/out/vs/workbench/services/extensions/node/extensionHostProcess.js:94:163113)
[2021-09-07 14:41:12.275] [renderer1] [error] Cannot read property 'items' of undefined: TypeError: Cannot read property 'items' of undefined
	at completionLengthMeasure (/home/samu/.vscode/extensions/ms-python.python-2021.9.1191016588/out/client/extension.js:59:462843)
	at p (/home/samu/.vscode/extensions/ms-python.python-2021.9.1191016588/out/client/extension.js:59:465507)
	at async $.provideCompletionItems (/opt/visual-studio-code/resources/app/out/vs/workbench/services/extensions/node/extensionHostProcess.js:94:176917)
[2021-09-07 15:04:24.104] [renderer1] [error] Cannot read property 'items' of undefined: TypeError: Cannot read property 'items' of undefined
	at completionLengthMeasure (/home/samu/.vscode/extensions/ms-python.python-2021.9.1191016588/out/client/extension.js:59:462843)
	at p (/home/samu/.vscode/extensions/ms-python.python-2021.9.1191016588/out/client/extension.js:59:465507)
	at async $.provideCompletionItems (/opt/visual-studio-code/resources/app/out/vs/workbench/services/extensions/node/extensionHostProcess.js:94:176917)
[2021-09-07 15:10:04.535] [renderer1] [error] name must not be falsy: Error: name must not be falsy
	at Function.validate (/opt/visual-studio-code/resources/app/out/vs/workbench/services/extensions/node/extensionHostProcess.js:87:30732)
	at new s (/opt/visual-studio-code/resources/app/out/vs/workbench/services/extensions/node/extensionHostProcess.js:87:30681)
	at new s (/opt/visual-studio-code/resources/app/out/vs/workbench/services/extensions/node/extensionHostProcess.js:87:17480)
	at H (/home/samu/.vscode/extensions/ms-python.python-2021.9.1191016588/out/client/extension.js:59:131907)
	at Array.map (<anonymous>)
	at Object.asDocumentSymbols (/home/samu/.vscode/extensions/ms-python.python-2021.9.1191016588/out/client/extension.js:59:137245)
	at /home/samu/.vscode/extensions/ms-python.python-2021.9.1191016588/out/client/extension.js:9:119903
	at async l.provideDocumentSymbols (/opt/visual-studio-code/resources/app/out/vs/workbench/services/extensions/node/extensionHostProcess.js:94:163113)
[2021-09-07 15:34:44.781] [renderer1] [error] name must not be falsy: Error: name must not be falsy
	at Function.validate (/opt/visual-studio-code/resources/app/out/vs/workbench/services/extensions/node/extensionHostProcess.js:87:30732)
	at new s (/opt/visual-studio-code/resources/app/out/vs/workbench/services/extensions/node/extensionHostProcess.js:87:30681)
	at new s (/opt/visual-studio-code/resources/app/out/vs/workbench/services/extensions/node/extensionHostProcess.js:87:17480)
	at H (/home/samu/.vscode/extensions/ms-python.python-2021.9.1191016588/out/client/extension.js:59:131907)
	at Array.map (<anonymous>)
	at Object.asDocumentSymbols (/home/samu/.vscode/extensions/ms-python.python-2021.9.1191016588/out/client/extension.js:59:137245)
	at /home/samu/.vscode/extensions/ms-python.python-2021.9.1191016588/out/client/extension.js:9:119903
	at async l.provideDocumentSymbols (/opt/visual-studio-code/resources/app/out/vs/workbench/services/extensions/node/extensionHostProcess.js:94:163113)
[2021-09-07 15:44:03.927] [renderer1] [error] name must not be falsy: Error: name must not be falsy
	at Function.validate (/opt/visual-studio-code/resources/app/out/vs/workbench/services/extensions/node/extensionHostProcess.js:87:30732)
	at new s (/opt/visual-studio-code/resources/app/out/vs/workbench/services/extensions/node/extensionHostProcess.js:87:30681)
	at new s (/opt/visual-studio-code/resources/app/out/vs/workbench/services/extensions/node/extensionHostProcess.js:87:17480)
	at H (/home/samu/.vscode/extensions/ms-python.python-2021.9.1191016588/out/client/extension.js:59:131907)
	at Array.map (<anonymous>)
	at Object.asDocumentSymbols (/home/samu/.vscode/extensions/ms-python.python-2021.9.1191016588/out/client/extension.js:59:137245)
	at /home/samu/.vscode/extensions/ms-python.python-2021.9.1191016588/out/client/extension.js:9:119903
	at async l.provideDocumentSymbols (/opt/visual-studio-code/resources/app/out/vs/workbench/services/extensions/node/extensionHostProcess.js:94:163113)
[2021-09-07 15:53:18.787] [renderer1] [error] Cannot read property 'items' of undefined: TypeError: Cannot read property 'items' of undefined
	at completionLengthMeasure (/home/samu/.vscode/extensions/ms-python.python-2021.9.1191016588/out/client/extension.js:59:462843)
	at p (/home/samu/.vscode/extensions/ms-python.python-2021.9.1191016588/out/client/extension.js:59:465507)
	at async $.provideCompletionItems (/opt/visual-studio-code/resources/app/out/vs/workbench/services/extensions/node/extensionHostProcess.js:94:176917)
[2021-09-07 15:56:17.545] [renderer1] [error] name must not be falsy: Error: name must not be falsy
	at Function.validate (/opt/visual-studio-code/resources/app/out/vs/workbench/services/extensions/node/extensionHostProcess.js:87:30732)
	at new s (/opt/visual-studio-code/resources/app/out/vs/workbench/services/extensions/node/extensionHostProcess.js:87:30681)
	at new s (/opt/visual-studio-code/resources/app/out/vs/workbench/services/extensions/node/extensionHostProcess.js:87:17480)
	at H (/home/samu/.vscode/extensions/ms-python.python-2021.9.1191016588/out/client/extension.js:59:131907)
	at Array.map (<anonymous>)
	at Object.asDocumentSymbols (/home/samu/.vscode/extensions/ms-python.python-2021.9.1191016588/out/client/extension.js:59:137245)
	at /home/samu/.vscode/extensions/ms-python.python-2021.9.1191016588/out/client/extension.js:9:119903
	at async l.provideDocumentSymbols (/opt/visual-studio-code/resources/app/out/vs/workbench/services/extensions/node/extensionHostProcess.js:94:163113)
